<?xml version="1.0" encoding="UTF-8"?>
<!-- Generated by org.testng.reporters.JUnitReportReporter -->
<testsuite hostname="ES-LAPTOP-527" failures="0" tests="1" name="CucumberOptions.TestNGTestRunner" time="14.336" errors="0" timestamp="2024-03-07T15:38:13 IST" skipped="0">
  <testcase classname="CucumberOptions.TestNGTestRunner" name="runScenario" time="14.336"/>
</testsuite> <!-- CucumberOptions.TestNGTestRunner -->
